app/build/outputs/logs/manifest-merger-debug-report.txt
-- Merging decision tree log ---
manifest
ADDED from src\main\AndroidManifest.xml:2:1-38:12
	package
		ADDED from src\main\AndroidManifest.xml:3:5-50
		INJECTED from src\main\AndroidManifest.xml
		INJECTED from src\main\AndroidManifest.xml
	android:versionName
		ADDED from src\main\AndroidManifest.xml:5:5-30
		INJECTED from src\main\AndroidManifest.xml
		INJECTED from src\main\AndroidManifest.xml
	android:versionCode
		ADDED from src\main\AndroidManifest.xml:4:5-28
		INJECTED from src\main\AndroidManifest.xml
		INJECTED from src\main\AndroidManifest.xml
	xmlns:android
		ADDED from src\main\AndroidManifest.xml:2:11-69
uses-permission#android.permission.RECEIVE_BOOT_COMPLETED
ADDED from src\main\AndroidManifest.xml:6:5-81
	android:name
		ADDED from src\main\AndroidManifest.xml:6:22-78
uses-sdk
ADDED from src\main\AndroidManifest.xml:7:5-9:41
	android:targetSdkVersion
		ADDED from src\main\AndroidManifest.xml:9:9-38
		INJECTED from src\main\AndroidManifest.xml
		INJECTED from src\main\AndroidManifest.xml
	android:minSdkVersion
		ADDED from src\main\AndroidManifest.xml:8:9-34
		INJECTED from src\main\AndroidManifest.xml
		INJECTED from src\main\AndroidManifest.xml
application
ADDED from src\main\AndroidManifest.xml:11:5-36:19
	android:label
		ADDED from src\main\AndroidManifest.xml:14:9-41
	android:allowBackup
		ADDED from src\main\AndroidManifest.xml:12:9-35
	android:icon
		ADDED from src\main\AndroidManifest.xml:13:9-45
	android:theme
		ADDED from src\main\AndroidManifest.xml:15:9-40
activity#info.pello.android.service.password.MainActivity
ADDED from src\main\AndroidManifest.xml:16:9-24:20
	android:label
		ADDED from src\main\AndroidManifest.xml:18:13-45
	android:name
		ADDED from src\main\AndroidManifest.xml:17:13-76
intent-filter#android.intent.action.MAIN+android.intent.category.LAUNCHER
ADDED from src\main\AndroidManifest.xml:19:13-23:29
action#android.intent.action.MAIN
ADDED from src\main\AndroidManifest.xml:20:17-69
	android:name
		ADDED from src\main\AndroidManifest.xml:20:25-66
category#android.intent.category.LAUNCHER
ADDED from src\main\AndroidManifest.xml:22:17-77
	android:name
		ADDED from src\main\AndroidManifest.xml:22:27-74
service#info.pello.android.service.password.PasswordService
ADDED from src\main\AndroidManifest.xml:26:9-30:19
	android:enabled
		ADDED from src\main\AndroidManifest.xml:28:13-35
	android:exported
		ADDED from src\main\AndroidManifest.xml:29:13-36
	android:name
		ADDED from src\main\AndroidManifest.xml:27:13-79
receiver#info.pello.android.service.password.WakeUpBroadcastReceiver
ADDED from src\main\AndroidManifest.xml:31:9-35:20
	android:name
		ADDED from src\main\AndroidManifest.xml:31:19-93
intent-filter#android.intent.action.BOOT_COMPLETED
ADDED from src\main\AndroidManifest.xml:32:13-34:29
action#android.intent.action.BOOT_COMPLETED
ADDED from src\main\AndroidManifest.xml:33:17-79
	android:name
		ADDED from src\main\AndroidManifest.xml:33:25-76